android/app/build/intermediates/manifest_merge_blame_file/debug/processDebugMainManifest/manifest-merger-blame-debug-report.txt
1<?xml version="1.0" encoding="utf-8"?>
2<manifest xmlns:android="http://schemas.android.com/apk/res/android"
3    package="com.cityrestaurant.game"
4    android:versionCode="1"
5    android:versionName="0.1.0" >
6
7    <uses-sdk
8        android:minSdkVersion="23"
9        android:targetSdkVersion="34" />
10
11    <application
11-->src/main/AndroidManifest.xml:5:5-26:19
12        android:allowBackup="true"
12-->src/main/AndroidManifest.xml:6:9-35
13        android:debuggable="true"
14        android:extractNativeLibs="false"
15        android:hardwareAccelerated="true"
15-->src/main/AndroidManifest.xml:7:9-43
16        android:label="城市餐饮创业"
16-->src/main/AndroidManifest.xml:8:9-31
17        android:supportsRtl="true"
17-->src/main/AndroidManifest.xml:9:9-35
18        android:theme="@android:style/Theme.Material.Light.NoActionBar" >
18-->src/main/AndroidManifest.xml:10:9-72
19        <activity
19-->src/main/AndroidManifest.xml:12:9-24:20
20            android:name="com.cityrestaurant.game.MainActivity"
20-->src/main/AndroidManifest.xml:13:13-41
21            android:configChanges="keyboardHidden|orientation|screenSize"
21-->src/main/AndroidManifest.xml:16:13-74
22            android:exported="true"
22-->src/main/AndroidManifest.xml:14:13-36
23            android:screenOrientation="portrait" >
23-->src/main/AndroidManifest.xml:15:13-49
24            <intent-filter>
24-->src/main/AndroidManifest.xml:18:13-22:29
25                <action android:name="android.intent.action.MAIN" />
25-->src/main/AndroidManifest.xml:19:17-69
25-->src/main/AndroidManifest.xml:19:25-66
26
27                <category android:name="android.intent.category.LAUNCHER" />
27-->src/main/AndroidManifest.xml:21:17-77
27-->src/main/AndroidManifest.xml:21:27-74
28            </intent-filter>
29        </activity>
30    </application>
31
32</manifest>